oneclicks_wifi_android/build/outputs/logs/manifest-merger-debug-report.txt
-- Merging decision tree log ---
manifest
ADDED from src/main/AndroidManifest.xml:2:1-73:12
	package
		ADDED from src/main/AndroidManifest.xml:3:5-32
		INJECTED from src/main/AndroidManifest.xml
		INJECTED from src/main/AndroidManifest.xml
	android:versionName
		ADDED from src/main/AndroidManifest.xml:5:5-32
		INJECTED from src/main/AndroidManifest.xml
		INJECTED from src/main/AndroidManifest.xml
	android:versionCode
		ADDED from src/main/AndroidManifest.xml:4:5-28
		INJECTED from src/main/AndroidManifest.xml
		INJECTED from src/main/AndroidManifest.xml
	xmlns:android
		ADDED from src/main/AndroidManifest.xml:2:11-69
uses-sdk
ADDED from src/main/AndroidManifest.xml:9:5-11:41
MERGED from [oneclicks_wifi_android:slidingmenu_library:unspecified] AndroidManifest.xml:7:5-9:41
MERGED from [oneclicks_wifi_android:AdvancedWebView:unspecified] AndroidManifest.xml:5:5-7:41
	android:targetSdkVersion
		ADDED from src/main/AndroidManifest.xml:11:9-38
		INJECTED from src/main/AndroidManifest.xml
		INJECTED from src/main/AndroidManifest.xml
	android:minSdkVersion
		ADDED from src/main/AndroidManifest.xml:10:9-35
		INJECTED from src/main/AndroidManifest.xml
		INJECTED from src/main/AndroidManifest.xml
uses-feature#android.hardware.wifi
ADDED from src/main/AndroidManifest.xml:12:5-58
	android:name
		ADDED from src/main/AndroidManifest.xml:12:19-55
uses-permission#android.permission.CHANGE_NETWORK_STATE
ADDED from src/main/AndroidManifest.xml:13:5-78
	android:name
		ADDED from src/main/AndroidManifest.xml:13:22-76
uses-permission#android.permission.CHANGE_WIFI_MULTICAST_STATE
ADDED from src/main/AndroidManifest.xml:14:5-85
	android:name
		ADDED from src/main/AndroidManifest.xml:14:22-83
uses-permission#android.permission.CHANGE_WIFI_STATE
ADDED from src/main/AndroidManifest.xml:15:5-75
	android:name
		ADDED from src/main/AndroidManifest.xml:15:22-73
uses-permission#android.permission.ACCESS_WIFI_STATE
ADDED from src/main/AndroidManifest.xml:16:5-75
	android:name
		ADDED from src/main/AndroidManifest.xml:16:22-73
uses-permission#android.permission.INTERNET
ADDED from src/main/AndroidManifest.xml:17:5-66
	android:name
		ADDED from src/main/AndroidManifest.xml:17:22-64
uses-permission#android.permission.WRITE_EXTERNAL_STORAGE
ADDED from src/main/AndroidManifest.xml:18:5-81
	android:name
		ADDED from src/main/AndroidManifest.xml:18:22-78
uses-permission#android.permission.VIBRATE
ADDED from src/main/AndroidManifest.xml:19:5-82
	android:name
		ADDED from src/main/AndroidManifest.xml:19:22-63
instrumentation#android.test.InstrumentationTestRunner
ADDED from src/main/AndroidManifest.xml:21:5-23:53
	android:targetPackage
		ADDED from src/main/AndroidManifest.xml:23:9-50
	android:name
		ADDED from src/main/AndroidManifest.xml:22:9-62
application
ADDED from src/main/AndroidManifest.xml:25:5-71:19
MERGED from [oneclicks_wifi_android:AdvancedWebView:unspecified] AndroidManifest.xml:9:5-20
	android:label
		ADDED from src/main/AndroidManifest.xml:28:9-41
	android:allowBackup
		ADDED from src/main/AndroidManifest.xml:26:9-35
	android:icon
		ADDED from src/main/AndroidManifest.xml:27:9-45
	android:theme
		ADDED from src/main/AndroidManifest.xml:29:9-40
	android:name
		ADDED from src/main/AndroidManifest.xml:30:9-55
uses-library#android.test.runner
ADDED from src/main/AndroidManifest.xml:31:9-60
	android:name
		ADDED from src/main/AndroidManifest.xml:31:23-57
activity#cn.oneclicks.wifi.ActSplashScreen
ADDED from src/main/AndroidManifest.xml:33:9-42:20
	android:label
		ADDED from src/main/AndroidManifest.xml:35:13-45
	android:theme
		ADDED from src/main/AndroidManifest.xml:36:13-60
	android:name
		ADDED from src/main/AndroidManifest.xml:34:13-61
intent-filter#android.intent.action.MAIN+android.intent.category.LAUNCHER
ADDED from src/main/AndroidManifest.xml:37:13-41:29
action#android.intent.action.MAIN
ADDED from src/main/AndroidManifest.xml:38:17-69
	android:name
		ADDED from src/main/AndroidManifest.xml:38:25-66
category#android.intent.category.LAUNCHER
ADDED from src/main/AndroidManifest.xml:40:17-77
	android:name
		ADDED from src/main/AndroidManifest.xml:40:27-74
activity#cn.oneclicks.wifi.MainActivity
ADDED from src/main/AndroidManifest.xml:43:9-58
	android:name
		ADDED from src/main/AndroidManifest.xml:43:19-46
activity#cn.oneclicks.wifi.Setting
ADDED from src/main/AndroidManifest.xml:44:9-45:72
	android:theme
		ADDED from src/main/AndroidManifest.xml:45:13-60
	android:name
		ADDED from src/main/AndroidManifest.xml:44:19-41
activity#cn.oneclicks.wifi.Setting_User
ADDED from src/main/AndroidManifest.xml:46:9-47:72
	android:theme
		ADDED from src/main/AndroidManifest.xml:47:13-60
	android:name
		ADDED from src/main/AndroidManifest.xml:46:19-46
activity#cn.oneclicks.wifi.Setting_School
ADDED from src/main/AndroidManifest.xml:48:9-49:72
	android:theme
		ADDED from src/main/AndroidManifest.xml:49:13-60
	android:name
		ADDED from src/main/AndroidManifest.xml:48:19-48
activity#cn.oneclicks.wifi.Setting_Province
ADDED from src/main/AndroidManifest.xml:50:9-51:72
	android:theme
		ADDED from src/main/AndroidManifest.xml:51:13-60
	android:name
		ADDED from src/main/AndroidManifest.xml:50:19-51
activity#cn.oneclicks.wifi.About
ADDED from src/main/AndroidManifest.xml:52:9-53:78
	android:theme
		ADDED from src/main/AndroidManifest.xml:53:19-66
	android:name
		ADDED from src/main/AndroidManifest.xml:52:19-40
activity#cn.oneclicks.wifi.Browser
ADDED from src/main/AndroidManifest.xml:54:9-55:78
	android:theme
		ADDED from src/main/AndroidManifest.xml:55:19-66
	android:name
		ADDED from src/main/AndroidManifest.xml:54:19-42
activity#cn.oneclicks.wifi.Auxiliary
ADDED from src/main/AndroidManifest.xml:56:9-57:78
	android:theme
		ADDED from src/main/AndroidManifest.xml:57:19-66
	android:name
		ADDED from src/main/AndroidManifest.xml:56:19-44
activity#cn.oneclicks.wifi.CaptureInfo
ADDED from src/main/AndroidManifest.xml:58:9-59:78
	android:theme
		ADDED from src/main/AndroidManifest.xml:59:19-66
	android:name
		ADDED from src/main/AndroidManifest.xml:58:19-46
provider#android.support.v4.content.FileProvider
ADDED from src/main/AndroidManifest.xml:62:9-70:20
	android:authorities
		ADDED from src/main/AndroidManifest.xml:64:13-65
	android:grantUriPermissions
		ADDED from src/main/AndroidManifest.xml:66:13-47
	android:exported
		ADDED from src/main/AndroidManifest.xml:65:13-37
	android:name
		ADDED from src/main/AndroidManifest.xml:63:13-67
meta-data#android.support.FILE_PROVIDER_PATHS
ADDED from src/main/AndroidManifest.xml:67:13-69:54
	android:resource
		ADDED from src/main/AndroidManifest.xml:69:17-51
	android:name
		ADDED from src/main/AndroidManifest.xml:68:17-67